<?xml version="1.0" encoding="UTF-8"?>
<testng-results skipped="0" failed="0" total="1" passed="1">
  <reporter-output>
  </reporter-output>
  <suite name="Suite1" duration-ms="112944" started-at="2016-12-25T05:37:22Z" finished-at="2016-12-25T05:39:15Z">
    <groups>
    </groups>
    <test name="Command line test 990c44fe-da69-47c1-b02f-f1c3869dfc4a" duration-ms="112944" started-at="2016-12-25T05:37:22Z" finished-at="2016-12-25T05:39:15Z">
      <class name="FB_TestCases.FB_SendMsg">
        <test-method status="PASS" signature="tc()[pri:0, instance:FB_TestCases.FB_SendMsg@2ff0a8a4]" name="tc" duration-ms="112894" started-at="2016-12-25T11:07:22Z" finished-at="2016-12-25T11:09:15Z">
          <reporter-output>
          </reporter-output>
        </test-method> <!-- tc -->
      </class> <!-- FB_TestCases.FB_SendMsg -->
    </test> <!-- Command line test 990c44fe-da69-47c1-b02f-f1c3869dfc4a -->
  </suite> <!-- Suite1 -->
</testng-results>
